This file contains any messages produced by compilers while
running configure, to aid debugging if configure makes a mistake.

It was created by fdtest_assuan configure 0.9, which was
generated by GNU Autoconf 2.69.  Invocation command line was

  $ ./configure 

## --------- ##
## Platform. ##
## --------- ##

hostname = vulture
uname -m = x86_64
uname -r = 4.19.0-8-amd64
uname -s = Linux
uname -v = #1 SMP Debian 4.19.98-1 (2020-01-26)

/usr/bin/uname -p = unknown
/bin/uname -X     = unknown

/bin/arch              = x86_64
/usr/bin/arch -k       = unknown
/usr/convex/getsysinfo = unknown
/usr/bin/hostinfo      = unknown
/bin/machine           = unknown
/usr/bin/oslevel       = unknown
/bin/universe          = unknown

PATH: /usr/local/bin
PATH: /usr/bin
PATH: /bin
PATH: /usr/local/games
PATH: /usr/games


## ----------- ##
## Core tests. ##
## ----------- ##

configure:1861: checking for a BSD-compatible install
configure:1929: result: /usr/bin/install -c
configure:1940: checking whether build environment is sane
configure:1995: result: yes
configure:2144: checking for a thread-safe mkdir -p
configure:2183: result: /usr/bin/mkdir -p
configure:2190: checking for gawk
configure:2206: found /usr/bin/gawk
configure:2217: result: gawk
configure:2228: checking whether make sets $(MAKE)
configure:2250: result: yes
configure:2279: checking whether make supports nested variables
configure:2296: result: yes
configure:2426: checking build system type
configure:2440: result: x86_64-pc-linux-gnu
configure:2460: checking host system type
configure:2473: result: x86_64-pc-linux-gnu
configure:2520: checking for libassuan-config
configure:2538: found /usr/bin/libassuan-config
configure:2551: result: /usr/bin/libassuan-config
configure:2570: checking for LIBASSUAN - version >= 2
configure:2611: result: yes (2.5.2)
configure:2730: checking for gcc
configure:2746: found /usr/bin/gcc
configure:2757: result: gcc
configure:2986: checking for C compiler version
configure:2995: gcc --version >&5
gcc (Debian 8.3.0-6) 8.3.0
Copyright (C) 2018 Free Software Foundation, Inc.
This is free software; see the source for copying conditions.  There is NO
warranty; not even for MERCHANTABILITY or FITNESS FOR A PARTICULAR PURPOSE.

configure:3006: $? = 0
configure:2995: gcc -v >&5
Using built-in specs.
COLLECT_GCC=gcc
COLLECT_LTO_WRAPPER=/usr/lib/gcc/x86_64-linux-gnu/8/lto-wrapper
OFFLOAD_TARGET_NAMES=nvptx-none
OFFLOAD_TARGET_DEFAULT=1
Target: x86_64-linux-gnu
Configured with: ../src/configure -v --with-pkgversion='Debian 8.3.0-6' --with-bugurl=file:///usr/share/doc/gcc-8/README.Bugs --enable-languages=c,ada,c++,go,brig,d,fortran,objc,obj-c++ --prefix=/usr --with-gcc-major-version-only --program-suffix=-8 --program-prefix=x86_64-linux-gnu- --enable-shared --enable-linker-build-id --libexecdir=/usr/lib --without-included-gettext --enable-threads=posix --libdir=/usr/lib --enable-nls --enable-bootstrap --enable-clocale=gnu --enable-libstdcxx-debug --enable-libstdcxx-time=yes --with-default-libstdcxx-abi=new --enable-gnu-unique-object --disable-vtable-verify --enable-libmpx --enable-plugin --enable-default-pie --with-system-zlib --with-target-system-zlib --enable-objc-gc=auto --enable-multiarch --disable-werror --with-arch-32=i686 --with-abi=m64 --with-multilib-list=m32,m64,mx32 --enable-multilib --with-tune=generic --enable-offload-targets=nvptx-none --without-cuda-driver --enable-checking=release --build=x86_64-linux-gnu --host=x86_64-linux-gnu --target=x86_64-linux-gnu
Thread model: posix
gcc version 8.3.0 (Debian 8.3.0-6) 
configure:3006: $? = 0
configure:2995: gcc -V >&5
gcc: error: unrecognized command line option '-V'
gcc: fatal error: no input files
compilation terminated.
configure:3006: $? = 1
configure:2995: gcc -qversion >&5
gcc: error: unrecognized command line option '-qversion'; did you mean '--version'?
gcc: fatal error: no input files
compilation terminated.
configure:3006: $? = 1
configure:3026: checking whether the C compiler works
configure:3048: gcc    conftest.c  >&5
configure:3052: $? = 0
configure:3100: result: yes
configure:3103: checking for C compiler default output file name
configure:3105: result: a.out
configure:3111: checking for suffix of executables
configure:3118: gcc -o conftest    conftest.c  >&5
configure:3122: $? = 0
configure:3144: result: 
configure:3166: checking whether we are cross compiling
configure:3174: gcc -o conftest    conftest.c  >&5
configure:3178: $? = 0
configure:3185: ./conftest
configure:3189: $? = 0
configure:3177: result: no
configure:3182: checking for suffix of object files
configure:3204: gcc -c   conftest.c >&5
configure:3208: $? = 0
configure:3229: result: o
configure:3233: checking whether we are using the GNU C compiler
configure:3252: gcc -c   conftest.c >&5
configure:3252: $? = 0
configure:3261: result: yes
configure:3270: checking whether gcc accepts -g
configure:3290: gcc -c -g  conftest.c >&5
configure:3290: $? = 0
configure:3331: result: yes
configure:3348: checking for gcc option to accept ISO C89
configure:3411: gcc  -c -g -O2  conftest.c >&5
configure:3411: $? = 0
configure:3424: result: none needed
configure:3449: checking whether gcc understands -c and -o together
configure:3471: gcc -c conftest.c -o conftest2.o
configure:3474: $? = 0
configure:3471: gcc -c conftest.c -o conftest2.o
configure:3474: $? = 0
configure:3486: result: yes
configure:3506: checking whether make supports the include directive
configure:3521: make -f confmf.GNU && cat confinc.out
this is the am__doit target
configure:3524: $? = 0
configure:3543: result: yes (GNU style)
configure:3568: checking dependency style of gcc
configure:3679: result: gcc3
configure:3833: checking that generated files are newer than configure
configure:3839: result: done
configure:3862: creating ./config.status

## ---------------------- ##
## Running config.status. ##
## ---------------------- ##

This file was extended by fdtest_assuan config.status 0.9, which was
generated by GNU Autoconf 2.69.  Invocation command line was

  CONFIG_FILES    = 
  CONFIG_HEADERS  = 
  CONFIG_LINKS    = 
  CONFIG_COMMANDS = 
  $ ./config.status 

on vulture

config.status:781: creating Makefile
config.status:781: creating src/Makefile
config.status:953: executing depfiles commands
config.status:1030: cd src       && sed -e '/# am--include-marker/d' Makefile         | make -f - am--depfiles
make: Nothing to be done for 'am--depfiles'.
config.status:1035: $? = 0

## ---------------- ##
## Cache variables. ##
## ---------------- ##

ac_cv_build=x86_64-pc-linux-gnu
ac_cv_c_compiler_gnu=yes
ac_cv_env_CC_set=
ac_cv_env_CC_value=
ac_cv_env_CFLAGS_set=
ac_cv_env_CFLAGS_value=
ac_cv_env_CPPFLAGS_set=
ac_cv_env_CPPFLAGS_value=
ac_cv_env_LDFLAGS_set=
ac_cv_env_LDFLAGS_value=
ac_cv_env_LIBS_set=
ac_cv_env_LIBS_value=
ac_cv_env_build_alias_set=
ac_cv_env_build_alias_value=
ac_cv_env_host_alias_set=
ac_cv_env_host_alias_value=
ac_cv_env_target_alias_set=
ac_cv_env_target_alias_value=
ac_cv_host=x86_64-pc-linux-gnu
ac_cv_objext=o
ac_cv_path_LIBASSUAN_CONFIG=/usr/bin/libassuan-config
ac_cv_path_install='/usr/bin/install -c'
ac_cv_path_mkdir=/usr/bin/mkdir
ac_cv_prog_AWK=gawk
ac_cv_prog_ac_ct_CC=gcc
ac_cv_prog_cc_c89=
ac_cv_prog_cc_g=yes
ac_cv_prog_make_make_set=yes
am_cv_CC_dependencies_compiler_type=gcc3
am_cv_make_support_nested_variables=yes
am_cv_prog_cc_c_o=yes

## ----------------- ##
## Output variables. ##
## ----------------- ##

ACLOCAL='${SHELL} /home/uarka/Sources/fdtest_assuan-0.9/missing aclocal-1.16'
AMDEPBACKSLASH='\'
AMDEP_FALSE='#'
AMDEP_TRUE=''
AMTAR='$${TAR-tar}'
AM_BACKSLASH='\'
AM_DEFAULT_V='$(AM_DEFAULT_VERBOSITY)'
AM_DEFAULT_VERBOSITY='1'
AM_V='$(V)'
AUTOCONF='${SHELL} /home/uarka/Sources/fdtest_assuan-0.9/missing autoconf'
AUTOHEADER='${SHELL} /home/uarka/Sources/fdtest_assuan-0.9/missing autoheader'
AUTOMAKE='${SHELL} /home/uarka/Sources/fdtest_assuan-0.9/missing automake-1.16'
AWK='gawk'
CC='gcc'
CCDEPMODE='depmode=gcc3'
CFLAGS='-g -O2'
CPPFLAGS=''
CYGPATH_W='echo'
DEFS='-DPACKAGE_NAME=\"fdtest_assuan\" -DPACKAGE_TARNAME=\"fdtest_assuan\" -DPACKAGE_VERSION=\"0.9\" -DPACKAGE_STRING=\"fdtest_assuan\ 0.9\" -DPACKAGE_BUGREPORT=\"root@felicitymeadows.com\" -DPACKAGE_URL=\"\" -DPACKAGE=\"fdtest_assuan\" -DVERSION=\"0.9\"'
DEPDIR='.deps'
ECHO_C=''
ECHO_N='-n'
ECHO_T=''
EXEEXT=''
INSTALL_DATA='${INSTALL} -m 644'
INSTALL_PROGRAM='${INSTALL}'
INSTALL_SCRIPT='${INSTALL}'
INSTALL_STRIP_PROGRAM='$(install_sh) -c -s'
LDFLAGS=''
LIBASSUAN_CFLAGS=''
LIBASSUAN_CONFIG='/usr/bin/libassuan-config'
LIBASSUAN_LIBS='-lassuan -L/usr/lib/x86_64-linux-gnu -lgpg-error'
LIBOBJS=''
LIBS=''
LTLIBOBJS=''
MAKEINFO='${SHELL} /home/uarka/Sources/fdtest_assuan-0.9/missing makeinfo'
MKDIR_P='/usr/bin/mkdir -p'
OBJEXT='o'
PACKAGE='fdtest_assuan'
PACKAGE_BUGREPORT='root@felicitymeadows.com'
PACKAGE_NAME='fdtest_assuan'
PACKAGE_STRING='fdtest_assuan 0.9'
PACKAGE_TARNAME='fdtest_assuan'
PACKAGE_URL=''
PACKAGE_VERSION='0.9'
PATH_SEPARATOR=':'
SET_MAKE=''
SHELL='/bin/bash'
STRIP=''
VERSION='0.9'
ac_ct_CC='gcc'
am__EXEEXT_FALSE=''
am__EXEEXT_TRUE='#'
am__fastdepCC_FALSE='#'
am__fastdepCC_TRUE=''
am__include='include'
am__isrc=''
am__leading_dot='.'
am__nodep='_no'
am__quote=''
am__tar='$${TAR-tar} chof - "$$tardir"'
am__untar='$${TAR-tar} xf -'
bindir='${exec_prefix}/bin'
build='x86_64-pc-linux-gnu'
build_alias=''
build_cpu='x86_64'
build_os='linux-gnu'
build_vendor='pc'
datadir='${datarootdir}'
datarootdir='${prefix}/share'
docdir='${datarootdir}/doc/${PACKAGE_TARNAME}'
dvidir='${docdir}'
exec_prefix='${prefix}'
host='x86_64-pc-linux-gnu'
host_alias=''
host_cpu='x86_64'
host_os='linux-gnu'
host_vendor='pc'
htmldir='${docdir}'
includedir='${prefix}/include'
infodir='${datarootdir}/info'
install_sh='${SHELL} /home/uarka/Sources/fdtest_assuan-0.9/install-sh'
libdir='${exec_prefix}/lib'
libexecdir='${exec_prefix}/libexec'
localedir='${datarootdir}/locale'
localstatedir='${prefix}/var'
mandir='${datarootdir}/man'
mkdir_p='$(MKDIR_P)'
oldincludedir='/usr/include'
pdfdir='${docdir}'
prefix='/usr/local'
program_transform_name='s,x,x,'
psdir='${docdir}'
runstatedir='${localstatedir}/run'
sbindir='${exec_prefix}/sbin'
sharedstatedir='${prefix}/com'
sysconfdir='${prefix}/etc'
target_alias=''

## ----------- ##
## confdefs.h. ##
## ----------- ##

/* confdefs.h */
#define PACKAGE_NAME "fdtest_assuan"
#define PACKAGE_TARNAME "fdtest_assuan"
#define PACKAGE_VERSION "0.9"
#define PACKAGE_STRING "fdtest_assuan 0.9"
#define PACKAGE_BUGREPORT "root@felicitymeadows.com"
#define PACKAGE_URL ""
#define PACKAGE "fdtest_assuan"
#define VERSION "0.9"

configure: exit 0
